# JRE version: OpenJDK Runtime Environment (8.0_171-b11) (build 1.8.0_171-8u171-b11-0ubuntu0.16.04.1-b11)
# Java VM: OpenJDK 64-Bit Server VM (25.171-b11 mixed mode linux-amd64 compressed oops)
Heap:
 PSYoungGen      total 332288K, used 188075K [0x00000000e0f00000, 0x00000000f7f00000, 0x0000000100000000)
  eden space 314368K, 59% used [0x00000000e0f00000,0x00000000ec6aaf18,0x00000000f4200000)
  from space 17920K, 0% used [0x00000000f5500000,0x00000000f5500000,0x00000000f6680000)
  to   space 19456K, 0% used [0x00000000f4200000,0x00000000f4200000,0x00000000f5500000)
 ParOldGen       total 62464K, used 18863K [0x00000000a2c00000, 0x00000000a6900000, 0x00000000e0f00000)
  object space 62464K, 30% used [0x00000000a2c00000,0x00000000a3e6bc90,0x00000000a6900000)
 Metaspace       used 46447K, capacity 48226K, committed 48472K, reserved 1091584K
  class space    used 6027K, capacity 6363K, committed 6488K, reserved 1048576K
GC Heap History (10 events):
Event: 2,282 GC heap before
{Heap before GC invocations=6 (full 1):
 PSYoungGen      total 101888K, used 3568K [0x00000000e0f00000, 0x00000000ee300000, 0x0000000100000000)
  eden space 98304K, 0% used [0x00000000e0f00000,0x00000000e0f00000,0x00000000e6f00000)
  from space 3584K, 99% used [0x00000000e6f00000,0x00000000e727c010,0x00000000e7280000)
  to   space 10240K, 0% used [0x00000000ed900000,0x00000000ed900000,0x00000000ee300000)
 ParOldGen       total 64512K, used 9703K [0x00000000a2c00000, 0x00000000a6b00000, 0x00000000e0f00000)
  object space 64512K, 15% used [0x00000000a2c00000,0x00000000a3579eb8,0x00000000a6b00000)
 Metaspace       used 20628K, capacity 21120K, committed 21248K, reserved 1067008K
  class space    used 2594K, capacity 2746K, committed 2816K, reserved 1048576K
Event: 2,338 GC heap after
Heap after GC invocations=6 (full 1):
 PSYoungGen      total 101888K, used 0K [0x00000000e0f00000, 0x00000000ee300000, 0x0000000100000000)
  eden space 98304K, 0% used [0x00000000e0f00000,0x00000000e0f00000,0x00000000e6f00000)
  from space 3584K, 0% used [0x00000000e6f00000,0x00000000e6f00000,0x00000000e7280000)
  to   space 10240K, 0% used [0x00000000ed900000,0x00000000ed900000,0x00000000ee300000)
 ParOldGen       total 39936K, used 4750K [0x00000000a2c00000, 0x00000000a5300000, 0x00000000e0f00000)
  object space 39936K, 11% used [0x00000000a2c00000,0x00000000a30a3ac8,0x00000000a5300000)
 Metaspace       used 20628K, capacity 21120K, committed 21248K, reserved 1067008K
  class space    used 2594K, capacity 2746K, committed 2816K, reserved 1048576K
}
Event: 3,541 GC heap before
{Heap before GC invocations=7 (full 1):
 PSYoungGen      total 101888K, used 98304K [0x00000000e0f00000, 0x00000000ee300000, 0x0000000100000000)
  eden space 98304K, 100% used [0x00000000e0f00000,0x00000000e6f00000,0x00000000e6f00000)
  from space 3584K, 0% used [0x00000000e6f00000,0x00000000e6f00000,0x00000000e7280000)
  to   space 10240K, 0% used [0x00000000ed900000,0x00000000ed900000,0x00000000ee300000)
 ParOldGen       total 39936K, used 4750K [0x00000000a2c00000, 0x00000000a5300000, 0x00000000e0f00000)
  object space 39936K, 11% used [0x00000000a2c00000,0x00000000a30a3ac8,0x00000000a5300000)
 Metaspace       used 25400K, capacity 26128K, committed 26240K, reserved 1073152K
  class space    used 3215K, capacity 3422K, committed 3456K, reserved 1048576K
Event: 3,578 GC heap after
Heap after GC invocations=7 (full 1):
 PSYoungGen      total 188416K, used 10217K [0x00000000e0f00000, 0x00000000ee300000, 0x0000000100000000)
  eden space 178176K, 0% used [0x00000000e0f00000,0x00000000e0f00000,0x00000000ebd00000)
  from space 10240K, 99% used [0x00000000ed900000,0x00000000ee2fa660,0x00000000ee300000)
  to   space 12800K, 0% used [0x00000000eca00000,0x00000000eca00000,0x00000000ed680000)
 ParOldGen       total 39936K, used 5301K [0x00000000a2c00000, 0x00000000a5300000, 0x00000000e0f00000)
  object space 39936K, 13% used [0x00000000a2c00000,0x00000000a312d400,0x00000000a5300000)
 Metaspace       used 25400K, capacity 26128K, committed 26240K, reserved 1073152K
  class space    used 3215K, capacity 3422K, committed 3456K, reserved 1048576K
}
Event: 6,168 GC heap before
{Heap before GC invocations=8 (full 1):
 PSYoungGen      total 188416K, used 188393K [0x00000000e0f00000, 0x00000000ee300000, 0x0000000100000000)
  eden space 178176K, 100% used [0x00000000e0f00000,0x00000000ebd00000,0x00000000ebd00000)
  from space 10240K, 99% used [0x00000000ed900000,0x00000000ee2fa660,0x00000000ee300000)
  to   space 12800K, 0% used [0x00000000eca00000,0x00000000eca00000,0x00000000ed680000)
 ParOldGen       total 39936K, used 5301K [0x00000000a2c00000, 0x00000000a5300000, 0x00000000e0f00000)
  object space 39936K, 13% used [0x00000000a2c00000,0x00000000a312d400,0x00000000a5300000)
 Metaspace       used 32963K, capacity 34308K, committed 34432K, reserved 1079296K
  class space    used 4170K, capacity 4438K, committed 4480K, reserved 1048576K
Event: 6,198 GC heap after
Heap after GC invocations=8 (full 1):
 PSYoungGen      total 204288K, used 12794K [0x00000000e0f00000, 0x00000000f6680000, 0x0000000100000000)
  eden space 191488K, 0% used [0x00000000e0f00000,0x00000000e0f00000,0x00000000eca00000)
  from space 12800K, 99% used [0x00000000eca00000,0x00000000ed67eac8,0x00000000ed680000)
  to   space 17920K, 0% used [0x00000000f5500000,0x00000000f5500000,0x00000000f6680000)
 ParOldGen       total 39936K, used 10927K [0x00000000a2c00000, 0x00000000a5300000, 0x00000000e0f00000)
  object space 39936K, 27% used [0x00000000a2c00000,0x00000000a36abfc8,0x00000000a5300000)
 Metaspace       used 32963K, capacity 34308K, committed 34432K, reserved 1079296K
  class space    used 4170K, capacity 4438K, committed 4480K, reserved 1048576K
}
Event: 6,607 GC heap before
{Heap before GC invocations=9 (full 1):
 PSYoungGen      total 204288K, used 41130K [0x00000000e0f00000, 0x00000000f6680000, 0x0000000100000000)
  eden space 191488K, 14% used [0x00000000e0f00000,0x00000000e2aac048,0x00000000eca00000)
  from space 12800K, 99% used [0x00000000eca00000,0x00000000ed67eac8,0x00000000ed680000)
  to   space 17920K, 0% used [0x00000000f5500000,0x00000000f5500000,0x00000000f6680000)
 ParOldGen       total 39936K, used 10927K [0x00000000a2c00000, 0x00000000a5300000, 0x00000000e0f00000)
  object space 39936K, 27% used [0x00000000a2c00000,0x00000000a36abfc8,0x00000000a5300000)
 Metaspace       used 33813K, capacity 35344K, committed 35416K, reserved 1079296K
  class space    used 4312K, capacity 4626K, committed 4696K, reserved 1048576K
Event: 6,636 GC heap after
Heap after GC invocations=9 (full 1):
 PSYoungGen      total 332288K, used 14168K [0x00000000e0f00000, 0x00000000f7f00000, 0x0000000100000000)
  eden space 314368K, 0% used [0x00000000e0f00000,0x00000000e0f00000,0x00000000f4200000)
  from space 17920K, 79% used [0x00000000f5500000,0x00000000f62d60a8,0x00000000f6680000)
  to   space 19456K, 0% used [0x00000000f4200000,0x00000000f4200000,0x00000000f5500000)
 ParOldGen       total 39936K, used 10935K [0x00000000a2c00000, 0x00000000a5300000, 0x00000000e0f00000)
  object space 39936K, 27% used [0x00000000a2c00000,0x00000000a36adfc8,0x00000000a5300000)
 Metaspace       used 33813K, capacity 35344K, committed 35416K, reserved 1079296K
  class space    used 4312K, capacity 4626K, committed 4696K, reserved 1048576K
}
Event: 6,636 GC heap before
{Heap before GC invocations=10 (full 2):
 PSYoungGen      total 332288K, used 14168K [0x00000000e0f00000, 0x00000000f7f00000, 0x0000000100000000)
  eden space 314368K, 0% used [0x00000000e0f00000,0x00000000e0f00000,0x00000000f4200000)
  from space 17920K, 79% used [0x00000000f5500000,0x00000000f62d60a8,0x00000000f6680000)
  to   space 19456K, 0% used [0x00000000f4200000,0x00000000f4200000,0x00000000f5500000)
 ParOldGen       total 39936K, used 10935K [0x00000000a2c00000, 0x00000000a5300000, 0x00000000e0f00000)
  object space 39936K, 27% used [0x00000000a2c00000,0x00000000a36adfc8,0x00000000a5300000)
 Metaspace       used 33813K, capacity 35344K, committed 35416K, reserved 1079296K
  class space    used 4312K, capacity 4626K, committed 4696K, reserved 1048576K
Event: 6,745 GC heap after
Heap after GC invocations=10 (full 2):
 PSYoungGen      total 332288K, used 0K [0x00000000e0f00000, 0x00000000f7f00000, 0x0000000100000000)
  eden space 314368K, 0% used [0x00000000e0f00000,0x00000000e0f00000,0x00000000f4200000)
  from space 17920K, 0% used [0x00000000f5500000,0x00000000f5500000,0x00000000f6680000)
  to   space 19456K, 0% used [0x00000000f4200000,0x00000000f4200000,0x00000000f5500000)
 ParOldGen       total 62464K, used 18863K [0x00000000a2c00000, 0x00000000a6900000, 0x00000000e0f00000)
  object space 62464K, 30% used [0x00000000a2c00000,0x00000000a3e6bc90,0x00000000a6900000)
 Metaspace       used 33813K, capacity 35344K, committed 35416K, reserved 1079296K
  class space    used 4312K, capacity 4626K, committed 4696K, reserved 1048576K
}

